<?xml version="1.0" encoding="UTF-8"?>
<!-- Generated by org.testng.reporters.JUnitXMLReporter -->
<testsuite hostname="NUSIVAKU-LAP" ignored="1" name="Default test" tests="1" failures="1" timestamp="11 Oct 2018 11:44:46 GMT" time="69.44" errors="0">
  <testcase name="OCICConnectors" time="69.352" classname="kafka.test.KafkaConnector">
    <failure type="java.lang.IllegalStateException" message="closed">
      <![CDATA[java.lang.IllegalStateException: closed
at okio.RealBufferedSource.rangeEquals(RealBufferedSource.java:408)
at okio.RealBufferedSource.rangeEquals(RealBufferedSource.java:402)
at okhttp3.internal.Util.bomAwareCharset(Util.java:432)
at okhttp3.ResponseBody.string(ResponseBody.java:174)
at kafka.test.KafkaConnector.OCICConnectors(KafkaConnector.java:45)
at sun.reflect.NativeMethodAccessorImpl.invoke0(Native Method)
at sun.reflect.NativeMethodAccessorImpl.invoke(Unknown Source)
at sun.reflect.DelegatingMethodAccessorImpl.invoke(Unknown Source)
at java.lang.reflect.Method.invoke(Unknown Source)
at org.testng.internal.MethodInvocationHelper.invokeMethod(MethodInvocationHelper.java:124)
at org.testng.internal.Invoker.invokeMethod(Invoker.java:583)
at org.testng.internal.Invoker.invokeTestMethod(Invoker.java:719)
at org.testng.internal.Invoker.invokeTestMethods(Invoker.java:989)
at org.testng.internal.TestMethodWorker.invokeTestMethods(TestMethodWorker.java:125)
at org.testng.internal.TestMethodWorker.run(TestMethodWorker.java:109)
at org.testng.TestRunner.privateRun(TestRunner.java:648)
at org.testng.TestRunner.run(TestRunner.java:505)
at org.testng.SuiteRunner.runTest(SuiteRunner.java:455)
at org.testng.SuiteRunner.runSequentially(SuiteRunner.java:450)
at org.testng.SuiteRunner.privateRun(SuiteRunner.java:415)
at org.testng.SuiteRunner.run(SuiteRunner.java:364)
at org.testng.SuiteRunnerWorker.runSuite(SuiteRunnerWorker.java:52)
at org.testng.SuiteRunnerWorker.run(SuiteRunnerWorker.java:84)
at org.testng.TestNG.runSuitesSequentially(TestNG.java:1208)
at org.testng.TestNG.runSuitesLocally(TestNG.java:1137)
at org.testng.TestNG.runSuites(TestNG.java:1049)
at org.testng.TestNG.run(TestNG.java:1017)
at org.testng.remote.AbstractRemoteTestNG.run(AbstractRemoteTestNG.java:132)
at org.testng.remote.RemoteTestNG.initAndRun(RemoteTestNG.java:230)
at org.testng.remote.RemoteTestNG.main(RemoteTestNG.java:76)
]]>
    </failure>
  </testcase> <!-- OCICConnectors -->
  <testcase name="OCIConnectors" time="0.0" classname="kafka.test.KafkaConnector">
    <ignored/>
  </testcase> <!-- OCIConnectors -->
</testsuite> <!-- Default test -->
