<?xml version="1.0" encoding="UTF-8"?>
<testng-results skipped="0" failed="1" ignored="1" total="2" passed="0">
  <reporter-output>
  </reporter-output>
  <suite name="Default suite" duration-ms="69440" started-at="2018-10-11T11:43:37Z" finished-at="2018-10-11T11:44:46Z">
    <groups>
    </groups>
    <test name="Default test" duration-ms="69440" started-at="2018-10-11T11:43:37Z" finished-at="2018-10-11T11:44:46Z">
      <class name="kafka.test.KafkaConnector">
        <test-method status="FAIL" signature="OCICConnectors()[pri:0, instance:kafka.test.KafkaConnector@7e5365]" name="OCICConnectors" duration-ms="69352" started-at="2018-10-11T11:43:37Z" finished-at="2018-10-11T11:44:46Z">
          <exception class="java.lang.IllegalStateException">
            <message>
              <![CDATA[closed]]>
            </message>
            <full-stacktrace>
              <![CDATA[java.lang.IllegalStateException: closed
at okio.RealBufferedSource.rangeEquals(RealBufferedSource.java:408)
at okio.RealBufferedSource.rangeEquals(RealBufferedSource.java:402)
at okhttp3.internal.Util.bomAwareCharset(Util.java:432)
at okhttp3.ResponseBody.string(ResponseBody.java:174)
at kafka.test.KafkaConnector.OCICConnectors(KafkaConnector.java:45)
at sun.reflect.NativeMethodAccessorImpl.invoke0(Native Method)
at sun.reflect.NativeMethodAccessorImpl.invoke(Unknown Source)
at sun.reflect.DelegatingMethodAccessorImpl.invoke(Unknown Source)
at java.lang.reflect.Method.invoke(Unknown Source)
at org.testng.internal.MethodInvocationHelper.invokeMethod(MethodInvocationHelper.java:124)
at org.testng.internal.Invoker.invokeMethod(Invoker.java:583)
at org.testng.internal.Invoker.invokeTestMethod(Invoker.java:719)
at org.testng.internal.Invoker.invokeTestMethods(Invoker.java:989)
at org.testng.internal.TestMethodWorker.invokeTestMethods(TestMethodWorker.java:125)
at org.testng.internal.TestMethodWorker.run(TestMethodWorker.java:109)
at org.testng.TestRunner.privateRun(TestRunner.java:648)
at org.testng.TestRunner.run(TestRunner.java:505)
at org.testng.SuiteRunner.runTest(SuiteRunner.java:455)
at org.testng.SuiteRunner.runSequentially(SuiteRunner.java:450)
at org.testng.SuiteRunner.privateRun(SuiteRunner.java:415)
at org.testng.SuiteRunner.run(SuiteRunner.java:364)
at org.testng.SuiteRunnerWorker.runSuite(SuiteRunnerWorker.java:52)
at org.testng.SuiteRunnerWorker.run(SuiteRunnerWorker.java:84)
at org.testng.TestNG.runSuitesSequentially(TestNG.java:1208)
at org.testng.TestNG.runSuitesLocally(TestNG.java:1137)
at org.testng.TestNG.runSuites(TestNG.java:1049)
at org.testng.TestNG.run(TestNG.java:1017)
at org.testng.remote.AbstractRemoteTestNG.run(AbstractRemoteTestNG.java:132)
at org.testng.remote.RemoteTestNG.initAndRun(RemoteTestNG.java:230)
at org.testng.remote.RemoteTestNG.main(RemoteTestNG.java:76)
]]>
            </full-stacktrace>
          </exception> <!-- java.lang.IllegalStateException -->
          <reporter-output>
          </reporter-output>
        </test-method> <!-- OCICConnectors -->
      </class> <!-- kafka.test.KafkaConnector -->
    </test> <!-- Default test -->
  </suite> <!-- Default suite -->
</testng-results>
